0 info it worked if it ends with ok
1 verbose cli [ '/home/jonathan_nascimento/.nvm/v0.10.0/bin/node',
1 verbose cli   '/home/jonathan_nascimento/.nvm/v0.10.0/bin/npm',
1 verbose cli   'start' ]
2 info using npm@1.2.14
3 info using node@v0.10.0
4 verbose read json /home/jonathan_nascimento/Desenvolvimento/projetos/js/sevenlines/package.json
5 verbose run-script [ 'prestart', 'start', 'poststart' ]
6 info prestart seven-lines@1.0.0
7 info start seven-lines@1.0.0
8 verbose unsafe-perm in lifecycle true
9 silly exec sh "-c" "node server.js"
10 silly sh,-c,node server.js,/home/jonathan_nascimento/Desenvolvimento/projetos/js/sevenlines spawning
11 info seven-lines@1.0.0 Failed to exec start script
12 error seven-lines@1.0.0 start: `node server.js`
12 error `sh "-c" "node server.js"` failed with 8
13 error Failed at the seven-lines@1.0.0 start script.
13 error This is most likely a problem with the seven-lines package,
13 error not with npm itself.
13 error Tell the author that this fails on your system:
13 error     node server.js
13 error You can get their info via:
13 error     npm owner ls seven-lines
13 error There is likely additional logging output above.
14 error System Linux 3.13.0-65-generic
15 error command "/home/jonathan_nascimento/.nvm/v0.10.0/bin/node" "/home/jonathan_nascimento/.nvm/v0.10.0/bin/npm" "start"
16 error cwd /home/jonathan_nascimento/Desenvolvimento/projetos/js/sevenlines
17 error node -v v0.10.0
18 error npm -v 1.2.14
19 error code ELIFECYCLE
20 verbose exit [ 1, true ]
