0 info it worked if it ends with ok
1 verbose cli [ '/home/jonathan_nascimento/.nvm/versions/node/v5.5.0/bin/node',
1 verbose cli   '/home/jonathan_nascimento/.nvm/versions/node/v5.5.0/bin/npm',
1 verbose cli   'start' ]
2 info using npm@3.3.12
3 info using node@v5.5.0
4 verbose run-script [ 'prestart', 'start', 'poststart' ]
5 info lifecycle seven-lines@1.0.0~prestart: seven-lines@1.0.0
6 silly lifecycle seven-lines@1.0.0~prestart: no script for prestart, continuing
7 info lifecycle seven-lines@1.0.0~start: seven-lines@1.0.0
8 verbose lifecycle seven-lines@1.0.0~start: unsafe-perm in lifecycle true
9 verbose lifecycle seven-lines@1.0.0~start: PATH: /home/jonathan_nascimento/.nvm/versions/node/v5.5.0/lib/node_modules/npm/bin/node-gyp-bin:/home/jonathan_nascimento/Desenvolvimento/projetos/js/sevenlines/node_modules/.bin:/home/jonathan_nascimento/.nvm/versions/node/v5.5.0/bin:/home/jonathan_nascimento/bin:/home/jonathan_nascimento/bin:/usr/local/sbin:/usr/local/bin:/usr/sbin:/usr/bin:/sbin:/bin:/usr/games:/usr/local/games:/opt/CollabNet_Subversion/bin:/opt/jdk/jdk1.6.0_38:/opt/apache/apache-maven-3.1.1:/opt/apache-ant-1.8.4:/opt/CollabNet_Subversion/bin:/opt/jdk/jdk1.6.0_38:/opt/apache/apache-maven-3.1.1:/opt/apache-ant-1.8.4:/home/jonathan_nascimento/android_sdk/tools:/opt/mongodb/bin
10 verbose lifecycle seven-lines@1.0.0~start: CWD: /home/jonathan_nascimento/Desenvolvimento/projetos/js/sevenlines
11 silly lifecycle seven-lines@1.0.0~start: Args: [ '-c', 'node app/server.js' ]
12 silly lifecycle seven-lines@1.0.0~start: Returned: code: 1  signal: null
13 info lifecycle seven-lines@1.0.0~start: Failed to exec start script
14 verbose stack Error: seven-lines@1.0.0 start: `node app/server.js`
14 verbose stack Exit status 1
14 verbose stack     at EventEmitter.<anonymous> (/home/jonathan_nascimento/.nvm/versions/node/v5.5.0/lib/node_modules/npm/lib/utils/lifecycle.js:232:16)
14 verbose stack     at emitTwo (events.js:100:13)
14 verbose stack     at EventEmitter.emit (events.js:185:7)
14 verbose stack     at ChildProcess.<anonymous> (/home/jonathan_nascimento/.nvm/versions/node/v5.5.0/lib/node_modules/npm/lib/utils/spawn.js:24:14)
14 verbose stack     at emitTwo (events.js:100:13)
14 verbose stack     at ChildProcess.emit (events.js:185:7)
14 verbose stack     at maybeClose (internal/child_process.js:821:16)
14 verbose stack     at Process.ChildProcess._handle.onexit (internal/child_process.js:211:5)
15 verbose pkgid seven-lines@1.0.0
16 verbose cwd /home/jonathan_nascimento/Desenvolvimento/projetos/js/sevenlines/app
17 error Linux 3.13.0-65-generic
18 error argv "/home/jonathan_nascimento/.nvm/versions/node/v5.5.0/bin/node" "/home/jonathan_nascimento/.nvm/versions/node/v5.5.0/bin/npm" "start"
19 error node v5.5.0
20 error npm  v3.3.12
21 error code ELIFECYCLE
22 error seven-lines@1.0.0 start: `node app/server.js`
22 error Exit status 1
23 error Failed at the seven-lines@1.0.0 start script 'node app/server.js'.
23 error Make sure you have the latest version of node.js and npm installed.
23 error If you do, this is most likely a problem with the seven-lines package,
23 error not with npm itself.
23 error Tell the author that this fails on your system:
23 error     node app/server.js
23 error You can get their info via:
23 error     npm owner ls seven-lines
23 error There is likely additional logging output above.
24 verbose exit [ 1, true ]
